WARNING: [Common 17-306] Update version (2017.4_AR70530) does not match product version (2017.3).
#-----------------------------------------------------------
# Webtalk v2017.3_AR70530 (64-bit)
# SW Build 2018833 on Wed Oct  4 19:58:22 MDT 2017
# 
# Start of session at: Fri May 25 22:17:04 2018
# Process ID: 8184
# Current directory: C:/hdl_projects/avnet_paper/avnet_paper.sdk/webtalk
# Command line: wbtcv.exe -mode batch -source sdk_webtalk.tcl
# Log file: C:/hdl_projects/avnet_paper/avnet_paper.sdk/webtalk/webtalk.log
# Journal file: C:/hdl_projects/avnet_paper/avnet_paper.sdk/webtalk\webtalk.jou
#-----------------------------------------------------------
source sdk_webtalk.tcl
# webtalk_init -webtalk_dir C:\\hdl_projects\\avnet_paper\\avnet_paper.sdk\\webtalk
# webtalk_register_client -client project
# webtalk_add_data -client project -key date_generated -value "2018-05-25 22:17:01" -context "software_version_and_target_device"
# webtalk_add_data -client project -key product_version -value "SDK v2017.3" -context "software_version_and_target_device"
# webtalk_add_data -client project -key build_version -value "2017.3" -context "software_version_and_target_device"
# webtalk_add_data -client project -key os_platform -value "amd64" -context "software_version_and_target_device"
# webtalk_add_data -client project -key registration_id -value "176032993_1777485347_210642998_121" -context "software_version_and_target_device"
# webtalk_add_data -client project -key tool_flow -value "SDK" -context "software_version_and_target_device"
# webtalk_add_data -client project -key beta -value "false" -context "software_version_and_target_device"
# webtalk_add_data -client project -key route_design -value "NA" -context "software_version_and_target_device"
# webtalk_add_data -client project -key target_family -value "NA" -context "software_version_and_target_device"
# webtalk_add_data -client project -key target_device -value "NA" -context "software_version_and_target_device"
# webtalk_add_data -client project -key target_package -value "NA" -context "software_version_and_target_device"
# webtalk_add_data -client project -key target_speed -value "NA" -context "software_version_and_target_device"
# webtalk_add_data -client project -key random_id -value "s0lift3ii9jdjeg0fuculbkjpl" -context "software_version_and_target_device"
# webtalk_add_data -client project -key project_id -value "2017.3_3" -context "software_version_and_target_device"
# webtalk_add_data -client project -key project_iteration -value "3" -context "software_version_and_target_device"
# webtalk_add_data -client project -key os_name -value "Microsoft Windows 8 or later , 64-bit" -context "user_environment"
# webtalk_add_data -client project -key os_release -value "major release  (build 9200)" -context "user_environment"
# webtalk_add_data -client project -key cpu_name -value "Intel(R) Core(TM) i7-6700HQ CPU @ 2.60GHz" -context "user_environment"
# webtalk_add_data -client project -key cpu_speed -value "2592 MHz" -context "user_environment"
# webtalk_add_data -client project -key total_processors -value "1" -context "user_environment"
# webtalk_add_data -client project -key system_ram -value "16.996 GB" -context "user_environment"
# webtalk_register_client -client sdk
# webtalk_add_data -client sdk -key uid -value "1527278984764" -context "sdk\\\\hardware/1527278984764"
# webtalk_add_data -client sdk -key isZynq -value "false" -context "sdk\\\\hardware/1527278984764"
# webtalk_add_data -client sdk -key isZynqMP -value "true" -context "sdk\\\\hardware/1527278984764"
# webtalk_add_data -client sdk -key Processors -value "7" -context "sdk\\\\hardware/1527278984764"
# webtalk_add_data -client sdk -key VivadoVersion -value "2017.3_AR70530" -context "sdk\\\\hardware/1527278984764"
# webtalk_add_data -client sdk -key Arch -value "zynquplus" -context "sdk\\\\hardware/1527278984764"
# webtalk_add_data -client sdk -key Device -value "xczu3eg" -context "sdk\\\\hardware/1527278984764"
# webtalk_add_data -client sdk -key IsHandoff -value "true" -context "sdk\\\\hardware/1527278984764"
# webtalk_add_data -client sdk -key os -value "NA" -context "sdk\\\\hardware/1527278984764"
# webtalk_add_data -client sdk -key apptemplate -value "NA" -context "sdk\\\\hardware/1527278984764"
# webtalk_add_data -client sdk -key RecordType -value "HWCreation" -context "sdk\\\\hardware/1527278984764"
# webtalk_add_data -client sdk -key uid -value "1527279180010" -context "sdk\\\\application/1527279180010"
# webtalk_add_data -client sdk -key os -value "linux" -context "sdk\\\\application/1527279180010"
# webtalk_add_data -client sdk -key apptemplate -value "linux_hello_world" -context "sdk\\\\application/1527279180010"
# webtalk_add_data -client sdk -key RecordType -value "APPCreation" -context "sdk\\\\application/1527279180010"
# webtalk_add_data -client sdk -key LangUsed -value "C" -context "sdk\\\\application/1527279180010"
# webtalk_add_data -client sdk -key Procused -value "" -context "sdk\\\\application/1527279180010"
# webtalk_add_data -client sdk -key projSize -value "30.4921875" -context "sdk\\\\application/1527279180010"
# webtalk_add_data -client sdk -key uid -value "NA" -context "sdk\\\\bsp/1527283020983"
# webtalk_add_data -client sdk -key RecordType -value "ToolUsage" -context "sdk\\\\bsp/1527283020983"
# webtalk_add_data -client sdk -key BootgenCount -value "0" -context "sdk\\\\bsp/1527283020983"
# webtalk_add_data -client sdk -key DebugCount -value "0" -context "sdk\\\\bsp/1527283020983"
# webtalk_add_data -client sdk -key PerfCount -value "0" -context "sdk\\\\bsp/1527283020983"
# webtalk_add_data -client sdk -key FlashCount -value "0" -context "sdk\\\\bsp/1527283020983"
# webtalk_add_data -client sdk -key CrossTriggCount -value "0" -context "sdk\\\\bsp/1527283020983"
# webtalk_add_data -client sdk -key QemuDebugCount -value "0" -context "sdk\\\\bsp/1527283020983"
# webtalk_transmit -clientid 2377246984 -regid "176032993_1777485347_210642998_121" -xml C:\\hdl_projects\\avnet_paper\\avnet_paper.sdk\\webtalk\\usage_statistics_ext_sdk.xml -html C:\\hdl_projects\\avnet_paper\\avnet_paper.sdk\\webtalk\\usage_statistics_ext_sdk.html -wdm C:\\hdl_projects\\avnet_paper\\avnet_paper.sdk\\webtalk\\sdk_webtalk.wdm -intro "<H3>SDK Usage Report</H3><BR>"
INFO: [Common 17-186] 'C:\hdl_projects\avnet_paper\avnet_paper.sdk\webtalk\usage_statistics_ext_sdk.xml' has been successfully sent to Xilinx on Fri May 25 22:17:09 2018. For additional details about this file, please refer to the WebTalk help file at C:/Xilinx/SDK/2017.3/doc/webtalk_introduction.html.
# webtalk_terminate
INFO: [Common 17-206] Exiting Webtalk at Fri May 25 22:17:09 2018...
